<?xml version="1.0" encoding="UTF-8"?>
<!-- Generated by org.testng.reporters.JUnitReportReporter -->
<testsuite hostname="DESKTOP-PSD5S19" name="com.cagov.automation.TestAutomation.caGovAutomationTests" tests="1" failures="0" timestamp="14 Mar 2018 21:20:34 GMT" time="8.713" errors="0">
  <testcase name="testCAGovURLs" time="8.713" classname="com.cagov.automation.TestAutomation.caGovAutomationTests"/>
</testsuite> <!-- com.cagov.automation.TestAutomation.caGovAutomationTests -->
