<?xml version="1.0" encoding="UTF-8"?>
<!-- Generated by org.testng.reporters.JUnitReportReporter -->
<testsuite hostname="DESKTOP-PSD5S19" name="com.cagov.automation.TestAutomation.apiManagerUrlTest" tests="1" failures="0" timestamp="14 Mar 2018 21:20:34 GMT" time="5.917" errors="0">
  <testcase name="testAPIManagerUrl" time="5.917" classname="com.cagov.automation.TestAutomation.apiManagerUrlTest"/>
</testsuite> <!-- com.cagov.automation.TestAutomation.apiManagerUrlTest -->
