<?xml version="1.0" encoding="UTF-8"?>
<!-- Generated by org.testng.reporters.JUnitReportReporter -->
<testsuite hostname="DESKTOP-PSD5S19" name="com.cagov.automation.TestAutomation.TestRunExample" tests="1" failures="0" timestamp="14 Mar 2018 21:19:19 GMT" time="0.009" errors="0">
  <testcase name="exampleOfTestNgMaven" time="0.009" classname="com.cagov.automation.TestAutomation.TestRunExample"/>
</testsuite> <!-- com.cagov.automation.TestAutomation.TestRunExample -->
